building the system configuration...
these 26 derivations will be built:
  /nix/store/bnwajd87lwciyx14596yv27lbiy2hjg9-system-path.drv
  /nix/store/8kmjx615b7gb91q7r64gbh3qhbw6sqxy-X-Restart-Triggers-polkit.drv
  /nix/store/0i27fnq3r3ipi4mkz639mm0ar8b1r5g2-unit-polkit.service.drv
  /nix/store/nfqxsqdjrm0yncdkqd4m1hlc6sxli4vq-dbus-1.drv
  /nix/store/6hkml58wbf7j9v0807pir6ygxn4sijkj-X-Restart-Triggers-dbus.drv
  /nix/store/0ia8xvikyvrf1f057sfql0dg4rz91ci3-unit-dbus.service.drv
  /nix/store/3sp4wyv44kr7jfbm4rzzcbppk1j4v5h1-user-generators.drv
  /nix/store/dc6j7ki0b9f721i2sr50fzybzvdc4l1n-unit-dbus.service.drv
  /nix/store/3v68n9bhwv5m0dh7bqnqs09l9fk5sdwa-user-units.drv
  /nix/store/r1p82kz2p1in3whrmqnfm9sc42lck3w4-extra-udev-rules.drv
  /nix/store/6r74jrvckyfd718rmx24b9y10ks3yxgd-hwdb.bin.drv
  /nix/store/94jqy2il2i3b9bg70bzjl37bgrq0kd69-udev-rules.drv
  /nix/store/kz07l1jzqi1lar6yarz761pns8vfj3c8-tmpfiles.d.drv
  /nix/store/k71y6bg5v5diida22slgz9k28innnym5-X-Restart-Triggers-systemd-tmpfiles-resetup.drv
  /nix/store/22ax3pg5xj4ir990f3nxv66jq0zm6g4c-unit-systemd-tmpfiles-resetup.service.drv
  /nix/store/wkzi1n8mw8zcrchp3vq92i94g1w7ahbh-X-Restart-Triggers-systemd-udevd.drv
  /nix/store/a9dbrf7x8rh7a0zrxmz3csj095h5rc7v-unit-systemd-udevd.service.drv
  /nix/store/gah9hyg9p1z9l1r6ampa3mgnzd7ph5xv-system-units.drv
  /nix/store/ib2j5g0kc1mmhkymf5v9yid82kf03jga-system-shutdown.drv
  /nix/store/jiwr09ljvhji25sqqhl837r06l5wk7y7-system-generators.drv
  /nix/store/l3krxqa9qdgj5p5bg0albn6qn0cl6xyg-system_fish-completions.drv
  /nix/store/48kzwd65l71qml9pdr54815r0vq1halb-man-paths.drv
  /nix/store/h26v12irydkvjnkv5kqcrgjj601abyv5-man-cache.drv
  /nix/store/pxdmmaxg5z9iwy750mwgvfqrcfvpmwra-etc-man_db.conf.drv
  /nix/store/20vd2077ca4f55mwjaqiijpcgcfvsfnq-etc.drv
  /nix/store/s8mpxm9nn9z5y21lw3pzn753xvq8m5b8-nixos-system-teal-25.11pre824861.5c724ed1388e.drv
building '/nix/store/bnwajd87lwciyx14596yv27lbiy2hjg9-system-path.drv'...
building '/nix/store/l3krxqa9qdgj5p5bg0albn6qn0cl6xyg-system_fish-completions.drv'...
building '/nix/store/kz07l1jzqi1lar6yarz761pns8vfj3c8-tmpfiles.d.drv'...
building '/nix/store/r1p82kz2p1in3whrmqnfm9sc42lck3w4-extra-udev-rules.drv'...
building '/nix/store/jiwr09ljvhji25sqqhl837r06l5wk7y7-system-generators.drv'...
building '/nix/store/ib2j5g0kc1mmhkymf5v9yid82kf03jga-system-shutdown.drv'...
building '/nix/store/3sp4wyv44kr7jfbm4rzzcbppk1j4v5h1-user-generators.drv'...
building '/nix/store/48kzwd65l71qml9pdr54815r0vq1halb-man-paths.drv'...
warning: collision between `/nix/store/zl79iyb0d6xscv8sndvhd35x6j9pv34x-wireshark-cli-4.4.7/bin/capinfos' and `/nix/store/1sgf8a7qwj4yy4fzvw7ld311nvdkbqnb-wireshark-qt-4.4.7/bin/capinfos'
warning: collision between `/nix/store/zl79iyb0d6xscv8sndvhd35x6j9pv34x-wireshark-cli-4.4.7/bin/captype' and `/nix/store/1sgf8a7qwj4yy4fzvw7ld311nvdkbqnb-wireshark-qt-4.4.7/bin/captype'
warning: collision between `/nix/store/zl79iyb0d6xscv8sndvhd35x6j9pv34x-wireshark-cli-4.4.7/bin/dumpcap' and `/nix/store/1sgf8a7qwj4yy4fzvw7ld311nvdkbqnb-wireshark-qt-4.4.7/bin/dumpcap'
warning: collision between `/nix/store/zl79iyb0d6xscv8sndvhd35x6j9pv34x-wireshark-cli-4.4.7/bin/tshark' and `/nix/store/1sgf8a7qwj4yy4fzvw7ld311nvdkbqnb-wireshark-qt-4.4.7/bin/tshark'
warning: collision between `/nix/store/zl79iyb0d6xscv8sndvhd35x6j9pv34x-wireshark-cli-4.4.7/bin/editcap' and `/nix/store/1sgf8a7qwj4yy4fzvw7ld311nvdkbqnb-wireshark-qt-4.4.7/bin/editcap'
warning: collision between `/nix/store/zl79iyb0d6xscv8sndvhd35x6j9pv34x-wireshark-cli-4.4.7/bin/text2pcap' and `/nix/store/1sgf8a7qwj4yy4fzvw7ld311nvdkbqnb-wireshark-qt-4.4.7/bin/text2pcap'
warning: collision between `/nix/store/zl79iyb0d6xscv8sndvhd35x6j9pv34x-wireshark-cli-4.4.7/bin/mmdbresolve' and `/nix/store/1sgf8a7qwj4yy4fzvw7ld311nvdkbqnb-wireshark-qt-4.4.7/bin/mmdbresolve'
warning: collision between `/nix/store/zl79iyb0d6xscv8sndvhd35x6j9pv34x-wireshark-cli-4.4.7/bin/mergecap' and `/nix/store/1sgf8a7qwj4yy4fzvw7ld311nvdkbqnb-wireshark-qt-4.4.7/bin/mergecap'
warning: collision between `/nix/store/zl79iyb0d6xscv8sndvhd35x6j9pv34x-wireshark-cli-4.4.7/bin/reordercap' and `/nix/store/1sgf8a7qwj4yy4fzvw7ld311nvdkbqnb-wireshark-qt-4.4.7/bin/reordercap'
warning: collision between `/nix/store/zl79iyb0d6xscv8sndvhd35x6j9pv34x-wireshark-cli-4.4.7/bin/sharkd' and `/nix/store/1sgf8a7qwj4yy4fzvw7ld311nvdkbqnb-wireshark-qt-4.4.7/bin/sharkd'
warning: collision between `/nix/store/zl79iyb0d6xscv8sndvhd35x6j9pv34x-wireshark-cli-4.4.7/bin/idl2wrs' and `/nix/store/1sgf8a7qwj4yy4fzvw7ld311nvdkbqnb-wireshark-qt-4.4.7/bin/idl2wrs'
warning: collision between `/nix/store/zl79iyb0d6xscv8sndvhd35x6j9pv34x-wireshark-cli-4.4.7/bin/randpkt' and `/nix/store/1sgf8a7qwj4yy4fzvw7ld311nvdkbqnb-wireshark-qt-4.4.7/bin/randpkt'
warning: collision between `/nix/store/zl79iyb0d6xscv8sndvhd35x6j9pv34x-wireshark-cli-4.4.7/bin/rawshark' and `/nix/store/1sgf8a7qwj4yy4fzvw7ld311nvdkbqnb-wireshark-qt-4.4.7/bin/rawshark'
warning: collision between `/nix/store/zl79iyb0d6xscv8sndvhd35x6j9pv34x-wireshark-cli-4.4.7/share/man/man1/ciscodump.1.gz' and `/nix/store/1sgf8a7qwj4yy4fzvw7ld311nvdkbqnb-wireshark-qt-4.4.7/share/man/man1/ciscodump.1.gz'
warning: collision between `/nix/store/zl79iyb0d6xscv8sndvhd35x6j9pv34x-wireshark-cli-4.4.7/share/man/man1/falcodump.1.gz' and `/nix/store/1sgf8a7qwj4yy4fzvw7ld311nvdkbqnb-wireshark-qt-4.4.7/share/man/man1/falcodump.1.gz'
warning: collision between `/nix/store/zl79iyb0d6xscv8sndvhd35x6j9pv34x-wireshark-cli-4.4.7/share/man/man1/wifidump.1.gz' and `/nix/store/1sgf8a7qwj4yy4fzvw7ld311nvdkbqnb-wireshark-qt-4.4.7/share/man/man1/wifidump.1.gz'
warning: collision between `/nix/store/zl79iyb0d6xscv8sndvhd35x6j9pv34x-wireshark-cli-4.4.7/share/man/man1/tshark.1.gz' and `/nix/store/1sgf8a7qwj4yy4fzvw7ld311nvdkbqnb-wireshark-qt-4.4.7/share/man/man1/tshark.1.gz'
warning: collision between `/nix/store/zl79iyb0d6xscv8sndvhd35x6j9pv34x-wireshark-cli-4.4.7/share/man/man1/etwdump.1.gz' and `/nix/store/1sgf8a7qwj4yy4fzvw7ld311nvdkbqnb-wireshark-qt-4.4.7/share/man/man1/etwdump.1.gz'
warning: collision between `/nix/store/zl79iyb0d6xscv8sndvhd35x6j9pv34x-wireshark-cli-4.4.7/share/man/man1/sshdump.1.gz' and `/nix/store/1sgf8a7qwj4yy4fzvw7ld311nvdkbqnb-wireshark-qt-4.4.7/share/man/man1/sshdump.1.gz'
warning: collision between `/nix/store/zl79iyb0d6xscv8sndvhd35x6j9pv34x-wireshark-cli-4.4.7/share/man/man1/wireshark.1.gz' and `/nix/store/1sgf8a7qwj4yy4fzvw7ld311nvdkbqnb-wireshark-qt-4.4.7/share/man/man1/wireshark.1.gz'
warning: collision between `/nix/store/x3xivsn8l760mc0x8ab579ywj47l49gk-wireshark-cli-4.4.7_fish-completions/capinfos.fish' and `/nix/store/5ddmysyswb1dpll98lkxm5y7kian8ig7-wireshark-qt-4.4.7_fish-completions/capinfos.fish'
warning: collision between `/nix/store/x3xivsn8l760mc0x8ab579ywj47l49gk-wireshark-cli-4.4.7_fish-completions/wireshark.fish' and `/nix/store/5ddmysyswb1dpll98lkxm5y7kian8ig7-wireshark-qt-4.4.7_fish-completions/wireshark.fish'
warning: collision between `/nix/store/x3xivsn8l760mc0x8ab579ywj47l49gk-wireshark-cli-4.4.7_fish-completions/mergecap.fish' and `/nix/store/5ddmysyswb1dpll98lkxm5y7kian8ig7-wireshark-qt-4.4.7_fish-completions/mergecap.fish'
warning: collision between `/nix/store/x3xivsn8l760mc0x8ab579ywj47l49gk-wireshark-cli-4.4.7_fish-completions/wireshark-filter.fish' and `/nix/store/5ddmysyswb1dpll98lkxm5y7kian8ig7-wireshark-qt-4.4.7_fish-completions/wireshark-filter.fish'
warning: collision between `/nix/store/x3xivsn8l760mc0x8ab579ywj47l49gk-wireshark-cli-4.4.7_fish-completions/reordercap.fish' and `/nix/store/5ddmysyswb1dpll98lkxm5y7kian8ig7-wireshark-qt-4.4.7_fish-completions/reordercap.fish'
warning: collision between `/nix/store/x3xivsn8l760mc0x8ab579ywj47l49gk-wireshark-cli-4.4.7_fish-completions/etwdump.fish' and `/nix/store/5ddmysyswb1dpll98lkxm5y7kian8ig7-wireshark-qt-4.4.7_fish-completions/etwdump.fish'
warning: collision between `/nix/store/x3xivsn8l760mc0x8ab579ywj47l49gk-wireshark-cli-4.4.7_fish-completions/randpktdump.fish' and `/nix/store/5ddmysyswb1dpll98lkxm5y7kian8ig7-wireshark-qt-4.4.7_fish-completions/randpktdump.fish'
warning: collision between `/nix/store/x3xivsn8l760mc0x8ab579ywj47l49gk-wireshark-cli-4.4.7_fish-completions/randpkt.fish' and `/nix/store/5ddmysyswb1dpll98lkxm5y7kian8ig7-wireshark-qt-4.4.7_fish-completions/randpkt.fish'
warning: collision between `/nix/store/x3xivsn8l760mc0x8ab579ywj47l49gk-wireshark-cli-4.4.7_fish-completions/sshdump.fish' and `/nix/store/5ddmysyswb1dpll98lkxm5y7kian8ig7-wireshark-qt-4.4.7_fish-completions/sshdump.fish'
warning: collision between `/nix/store/x3xivsn8l760mc0x8ab579ywj47l49gk-wireshark-cli-4.4.7_fish-completions/wifidump.fish' and `/nix/store/5ddmysyswb1dpll98lkxm5y7kian8ig7-wireshark-qt-4.4.7_fish-completions/wifidump.fish'
warning: collision between `/nix/store/x3xivsn8l760mc0x8ab579ywj47l49gk-wireshark-cli-4.4.7_fish-completions/editcap.fish' and `/nix/store/5ddmysyswb1dpll98lkxm5y7kian8ig7-wireshark-qt-4.4.7_fish-completions/editcap.fish'
warning: collision between `/nix/store/x3xivsn8l760mc0x8ab579ywj47l49gk-wireshark-cli-4.4.7_fish-completions/tshark.fish' and `/nix/store/5ddmysyswb1dpll98lkxm5y7kian8ig7-wireshark-qt-4.4.7_fish-completions/tshark.fish'
warning: collision between `/nix/store/x3xivsn8l760mc0x8ab579ywj47l49gk-wireshark-cli-4.4.7_fish-completions/rawshark.fish' and `/nix/store/5ddmysyswb1dpll98lkxm5y7kian8ig7-wireshark-qt-4.4.7_fish-completions/rawshark.fish'
warning: collision between `/nix/store/x3xivsn8l760mc0x8ab579ywj47l49gk-wireshark-cli-4.4.7_fish-completions/dpauxmon.fish' and `/nix/store/5ddmysyswb1dpll98lkxm5y7kian8ig7-wireshark-qt-4.4.7_fish-completions/dpauxmon.fish'
warning: collision between `/nix/store/x3xivsn8l760mc0x8ab579ywj47l49gk-wireshark-cli-4.4.7_fish-completions/falcodump.fish' and `/nix/store/5ddmysyswb1dpll98lkxm5y7kian8ig7-wireshark-qt-4.4.7_fish-completions/falcodump.fish'
warning: collision between `/nix/store/x3xivsn8l760mc0x8ab579ywj47l49gk-wireshark-cli-4.4.7_fish-completions/udpdump.fish' and `/nix/store/5ddmysyswb1dpll98lkxm5y7kian8ig7-wireshark-qt-4.4.7_fish-completions/udpdump.fish'
warning: collision between `/nix/store/x3xivsn8l760mc0x8ab579ywj47l49gk-wireshark-cli-4.4.7_fish-completions/androiddump.fish' and `/nix/store/5ddmysyswb1dpll98lkxm5y7kian8ig7-wireshark-qt-4.4.7_fish-completions/androiddump.fish'
warning: collision between `/nix/store/x3xivsn8l760mc0x8ab579ywj47l49gk-wireshark-cli-4.4.7_fish-completions/captype.fish' and `/nix/store/5ddmysyswb1dpll98lkxm5y7kian8ig7-wireshark-qt-4.4.7_fish-completions/captype.fish'
building '/nix/store/k71y6bg5v5diida22slgz9k28innnym5-X-Restart-Triggers-systemd-tmpfiles-resetup.drv'...
building '/nix/store/6r74jrvckyfd718rmx24b9y10ks3yxgd-hwdb.bin.drv'...
building '/nix/store/94jqy2il2i3b9bg70bzjl37bgrq0kd69-udev-rules.drv'...
warning: collision between `/nix/store/zl79iyb0d6xscv8sndvhd35x6j9pv34x-wireshark-cli-4.4.7/share/man/man1/captype.1.gz' and `/nix/store/1sgf8a7qwj4yy4fzvw7ld311nvdkbqnb-wireshark-qt-4.4.7/share/man/man1/captype.1.gz'
warning: collision between `/nix/store/zl79iyb0d6xscv8sndvhd35x6j9pv34x-wireshark-cli-4.4.7/share/man/man1/reordercap.1.gz' and `/nix/store/1sgf8a7qwj4yy4fzvw7ld311nvdkbqnb-wireshark-qt-4.4.7/share/man/man1/reordercap.1.gz'
warning: collision between `/nix/store/zl79iyb0d6xscv8sndvhd35x6j9pv34x-wireshark-cli-4.4.7/share/man/man1/randpkt.1.gz' and `/nix/store/1sgf8a7qwj4yy4fzvw7ld311nvdkbqnb-wireshark-qt-4.4.7/share/man/man1/randpkt.1.gz'
warning: collision between `/nix/store/zl79iyb0d6xscv8sndvhd35x6j9pv34x-wireshark-cli-4.4.7/share/man/man1/dpauxmon.1.gz' and `/nix/store/1sgf8a7qwj4yy4fzvw7ld311nvdkbqnb-wireshark-qt-4.4.7/share/man/man1/dpauxmon.1.gz'
warning: collision between `/nix/store/zl79iyb0d6xscv8sndvhd35x6j9pv34x-wireshark-cli-4.4.7/share/man/man1/capinfos.1.gz' and `/nix/store/1sgf8a7qwj4yy4fzvw7ld311nvdkbqnb-wireshark-qt-4.4.7/share/man/man1/capinfos.1.gz'
warning: collision between `/nix/store/zl79iyb0d6xscv8sndvhd35x6j9pv34x-wireshark-cli-4.4.7/share/man/man1/editcap.1.gz' and `/nix/store/1sgf8a7qwj4yy4fzvw7ld311nvdkbqnb-wireshark-qt-4.4.7/share/man/man1/editcap.1.gz'
warning: collision between `/nix/store/zl79iyb0d6xscv8sndvhd35x6j9pv34x-wireshark-cli-4.4.7/share/man/man1/randpktdump.1.gz' and `/nix/store/1sgf8a7qwj4yy4fzvw7ld311nvdkbqnb-wireshark-qt-4.4.7/share/man/man1/randpktdump.1.gz'
warning: collision between `/nix/store/zl79iyb0d6xscv8sndvhd35x6j9pv34x-wireshark-cli-4.4.7/share/man/man1/udpdump.1.gz' and `/nix/store/1sgf8a7qwj4yy4fzvw7ld311nvdkbqnb-wireshark-qt-4.4.7/share/man/man1/udpdump.1.gz'
warning: collision between `/nix/store/zl79iyb0d6xscv8sndvhd35x6j9pv34x-wireshark-cli-4.4.7/share/man/man1/text2pcap.1.gz' and `/nix/store/1sgf8a7qwj4yy4fzvw7ld311nvdkbqnb-wireshark-qt-4.4.7/share/man/man1/text2pcap.1.gz'
warning: collision between `/nix/store/zl79iyb0d6xscv8sndvhd35x6j9pv34x-wireshark-cli-4.4.7/share/man/man1/mergecap.1.gz' and `/nix/store/1sgf8a7qwj4yy4fzvw7ld311nvdkbqnb-wireshark-qt-4.4.7/share/man/man1/mergecap.1.gz'
warning: collision between `/nix/store/zl79iyb0d6xscv8sndvhd35x6j9pv34x-wireshark-cli-4.4.7/share/man/man1/mmdbresolve.1.gz' and `/nix/store/1sgf8a7qwj4yy4fzvw7ld311nvdkbqnb-wireshark-qt-4.4.7/share/man/man1/mmdbresolve.1.gz'
warning: collision between `/nix/store/zl79iyb0d6xscv8sndvhd35x6j9pv34x-wireshark-cli-4.4.7/share/man/man1/dumpcap.1.gz' and `/nix/store/1sgf8a7qwj4yy4fzvw7ld311nvdkbqnb-wireshark-qt-4.4.7/share/man/man1/dumpcap.1.gz'
warning: collision between `/nix/store/zl79iyb0d6xscv8sndvhd35x6j9pv34x-wireshark-cli-4.4.7/share/man/man1/androiddump.1.gz' and `/nix/store/1sgf8a7qwj4yy4fzvw7ld311nvdkbqnb-wireshark-qt-4.4.7/share/man/man1/androiddump.1.gz'
warning: collision between `/nix/store/zl79iyb0d6xscv8sndvhd35x6j9pv34x-wireshark-cli-4.4.7/share/man/man1/rawshark.1.gz' and `/nix/store/1sgf8a7qwj4yy4fzvw7ld311nvdkbqnb-wireshark-qt-4.4.7/share/man/man1/rawshark.1.gz'
warning: collision between `/nix/store/zl79iyb0d6xscv8sndvhd35x6j9pv34x-wireshark-cli-4.4.7/share/man/man4/extcap.4.gz' and `/nix/store/1sgf8a7qwj4yy4fzvw7ld311nvdkbqnb-wireshark-qt-4.4.7/share/man/man4/extcap.4.gz'
warning: collision between `/nix/store/zl79iyb0d6xscv8sndvhd35x6j9pv34x-wireshark-cli-4.4.7/share/man/man4/wireshark-filter.4.gz' and `/nix/store/1sgf8a7qwj4yy4fzvw7ld311nvdkbqnb-wireshark-qt-4.4.7/share/man/man4/wireshark-filter.4.gz'
warning: collision between `/nix/store/zl79iyb0d6xscv8sndvhd35x6j9pv34x-wireshark-cli-4.4.7/lib/libwsutil.so.16' and `/nix/store/1sgf8a7qwj4yy4fzvw7ld311nvdkbqnb-wireshark-qt-4.4.7/lib/libwsutil.so.16'
warning: collision between `/nix/store/zl79iyb0d6xscv8sndvhd35x6j9pv34x-wireshark-cli-4.4.7/lib/wireshark/extcap/androiddump' and `/nix/store/1sgf8a7qwj4yy4fzvw7ld311nvdkbqnb-wireshark-qt-4.4.7/lib/wireshark/extcap/androiddump'
warning: collision between `/nix/store/zl79iyb0d6xscv8sndvhd35x6j9pv34x-wireshark-cli-4.4.7/lib/wireshark/extcap/randpktdump' and `/nix/store/1sgf8a7qwj4yy4fzvw7ld311nvdkbqnb-wireshark-qt-4.4.7/lib/wireshark/extcap/randpktdump'
warning: collision between `/nix/store/x3xivsn8l760mc0x8ab579ywj47l49gk-wireshark-cli-4.4.7_fish-completions/mmdbresolve.fish' and `/nix/store/5ddmysyswb1dpll98lkxm5y7kian8ig7-wireshark-qt-4.4.7_fish-completions/mmdbresolve.fish'
warning: collision between `/nix/store/x3xivsn8l760mc0x8ab579ywj47l49gk-wireshark-cli-4.4.7_fish-completions/dumpcap.fish' and `/nix/store/5ddmysyswb1dpll98lkxm5y7kian8ig7-wireshark-qt-4.4.7_fish-completions/dumpcap.fish'
warning: collision between `/nix/store/x3xivsn8l760mc0x8ab579ywj47l49gk-wireshark-cli-4.4.7_fish-completions/text2pcap.fish' and `/nix/store/5ddmysyswb1dpll98lkxm5y7kian8ig7-wireshark-qt-4.4.7_fish-completions/text2pcap.fish'
warning: collision between `/nix/store/x3xivsn8l760mc0x8ab579ywj47l49gk-wireshark-cli-4.4.7_fish-completions/ciscodump.fish' and `/nix/store/5ddmysyswb1dpll98lkxm5y7kian8ig7-wireshark-qt-4.4.7_fish-completions/ciscodump.fish'
created 459 symlinks in user environment
warning: collision between `/nix/store/zl79iyb0d6xscv8sndvhd35x6j9pv34x-wireshark-cli-4.4.7/share/man/man1/ciscodump.1.gz' and `/nix/store/1sgf8a7qwj4yy4fzvw7ld311nvdkbqnb-wireshark-qt-4.4.7/share/man/man1/ciscodump.1.gz'
warning: collision between `/nix/store/zl79iyb0d6xscv8sndvhd35x6j9pv34x-wireshark-cli-4.4.7/share/man/man1/falcodump.1.gz' and `/nix/store/1sgf8a7qwj4yy4fzvw7ld311nvdkbqnb-wireshark-qt-4.4.7/share/man/man1/falcodump.1.gz'
warning: collision between `/nix/store/zl79iyb0d6xscv8sndvhd35x6j9pv34x-wireshark-cli-4.4.7/share/man/man1/wifidump.1.gz' and `/nix/store/1sgf8a7qwj4yy4fzvw7ld311nvdkbqnb-wireshark-qt-4.4.7/share/man/man1/wifidump.1.gz'
warning: collision between `/nix/store/zl79iyb0d6xscv8sndvhd35x6j9pv34x-wireshark-cli-4.4.7/share/man/man1/tshark.1.gz' and `/nix/store/1sgf8a7qwj4yy4fzvw7ld311nvdkbqnb-wireshark-qt-4.4.7/share/man/man1/tshark.1.gz'
warning: collision between `/nix/store/zl79iyb0d6xscv8sndvhd35x6j9pv34x-wireshark-cli-4.4.7/share/man/man1/etwdump.1.gz' and `/nix/store/1sgf8a7qwj4yy4fzvw7ld311nvdkbqnb-wireshark-qt-4.4.7/share/man/man1/etwdump.1.gz'
warning: collision between `/nix/store/zl79iyb0d6xscv8sndvhd35x6j9pv34x-wireshark-cli-4.4.7/share/man/man1/sshdump.1.gz' and `/nix/store/1sgf8a7qwj4yy4fzvw7ld311nvdkbqnb-wireshark-qt-4.4.7/share/man/man1/sshdump.1.gz'
warning: collision between `/nix/store/zl79iyb0d6xscv8sndvhd35x6j9pv34x-wireshark-cli-4.4.7/share/man/man1/wireshark.1.gz' and `/nix/store/1sgf8a7qwj4yy4fzvw7ld311nvdkbqnb-wireshark-qt-4.4.7/share/man/man1/wireshark.1.gz'
warning: collision between `/nix/store/zl79iyb0d6xscv8sndvhd35x6j9pv34x-wireshark-cli-4.4.7/share/man/man1/captype.1.gz' and `/nix/store/1sgf8a7qwj4yy4fzvw7ld311nvdkbqnb-wireshark-qt-4.4.7/share/man/man1/captype.1.gz'
warning: collision between `/nix/store/zl79iyb0d6xscv8sndvhd35x6j9pv34x-wireshark-cli-4.4.7/share/man/man1/reordercap.1.gz' and `/nix/store/1sgf8a7qwj4yy4fzvw7ld311nvdkbqnb-wireshark-qt-4.4.7/share/man/man1/reordercap.1.gz'
warning: collision between `/nix/store/zl79iyb0d6xscv8sndvhd35x6j9pv34x-wireshark-cli-4.4.7/share/man/man1/randpkt.1.gz' and `/nix/store/1sgf8a7qwj4yy4fzvw7ld311nvdkbqnb-wireshark-qt-4.4.7/share/man/man1/randpkt.1.gz'
warning: collision between `/nix/store/zl79iyb0d6xscv8sndvhd35x6j9pv34x-wireshark-cli-4.4.7/share/man/man1/dpauxmon.1.gz' and `/nix/store/1sgf8a7qwj4yy4fzvw7ld311nvdkbqnb-wireshark-qt-4.4.7/share/man/man1/dpauxmon.1.gz'
warning: collision between `/nix/store/zl79iyb0d6xscv8sndvhd35x6j9pv34x-wireshark-cli-4.4.7/share/man/man1/capinfos.1.gz' and `/nix/store/1sgf8a7qwj4yy4fzvw7ld311nvdkbqnb-wireshark-qt-4.4.7/share/man/man1/capinfos.1.gz'
warning: collision between `/nix/store/zl79iyb0d6xscv8sndvhd35x6j9pv34x-wireshark-cli-4.4.7/share/man/man1/editcap.1.gz' and `/nix/store/1sgf8a7qwj4yy4fzvw7ld311nvdkbqnb-wireshark-qt-4.4.7/share/man/man1/editcap.1.gz'
warning: collision between `/nix/store/zl79iyb0d6xscv8sndvhd35x6j9pv34x-wireshark-cli-4.4.7/share/man/man1/randpktdump.1.gz' and `/nix/store/1sgf8a7qwj4yy4fzvw7ld311nvdkbqnb-wireshark-qt-4.4.7/share/man/man1/randpktdump.1.gz'
warning: collision between `/nix/store/zl79iyb0d6xscv8sndvhd35x6j9pv34x-wireshark-cli-4.4.7/share/man/man1/udpdump.1.gz' and `/nix/store/1sgf8a7qwj4yy4fzvw7ld311nvdkbqnb-wireshark-qt-4.4.7/share/man/man1/udpdump.1.gz'
warning: collision between `/nix/store/zl79iyb0d6xscv8sndvhd35x6j9pv34x-wireshark-cli-4.4.7/share/man/man1/text2pcap.1.gz' and `/nix/store/1sgf8a7qwj4yy4fzvw7ld311nvdkbqnb-wireshark-qt-4.4.7/share/man/man1/text2pcap.1.gz'
warning: collision between `/nix/store/zl79iyb0d6xscv8sndvhd35x6j9pv34x-wireshark-cli-4.4.7/share/man/man1/mergecap.1.gz' and `/nix/store/1sgf8a7qwj4yy4fzvw7ld311nvdkbqnb-wireshark-qt-4.4.7/share/man/man1/mergecap.1.gz'
warning: collision between `/nix/store/zl79iyb0d6xscv8sndvhd35x6j9pv34x-wireshark-cli-4.4.7/share/man/man1/mmdbresolve.1.gz' and `/nix/store/1sgf8a7qwj4yy4fzvw7ld311nvdkbqnb-wireshark-qt-4.4.7/share/man/man1/mmdbresolve.1.gz'
Adding hwdb files for package /nix/store/73l80gfxnnchah2dzd97w42dc71dv4vx-systemd-257.6
Adding hwdb files for package /nix/store/hn9yc5f07ng4291bkppnkpczcqj0v2ms-power-profiles-daemon-0.30
Adding hwdb files for package /nix/store/8rzgl65iw60gv3f7pcp46xr2c1dsxhwg-yubikey-personalization-1.20.0
Adding hwdb files for package /nix/store/brp5zyjnrn72cg0wsfwakg7x6am5rkvw-ipv6-privacy-extensions.rules
Adding hwdb files for package /nix/store/d1w444s9m9xh80sj0pchmiqk6shw6xz9-ipv6-privacy-extensions.rules
Adding hwdb files for package /nix/store/3dlprl1683djqxx60a7yxrd482plachj-lvm2-2.03.32
Adding hwdb files for package /nix/store/xrayk8abk7g1qsl4gwi6l1a59hi09c1v-bcache-tools-1.0.8
Adding hwdb files for package /nix/store/72myq809484x494202qrsmiqr8386v6f-udisks-2.10.1
Adding hwdb files for package /nix/store/l64whjlqd7l39m66a1hb2nxa2pdx8nav-extra-udev-rules
Adding hwdb files for package /nix/store/z1n03l7w163614njb8qmnrmhgfgrz3ns-extra-hwdb-file
Adding hwdb files for package /nix/store/2bjkcmlicgbp47320md48ndw4k75v6qa-bluez-5.80
Adding hwdb files for package /nix/store/1sr7pgyyvbargrj0zmq7dihdpghwgkzx-pipewire-1.4.5
Adding hwdb files for package /nix/store/ykb2gk6798jcvy6d5zmg3s1bkzhvfzsb-85-wireshark-usbmon.rules
Adding hwdb files for package /nix/store/i8g4fz4dnm6iq3nnmjc01lp6csgf2wq1-light-1.2.2
Adding hwdb files for package /nix/store/7myjgmqzw7kh70yhazb8hsqqkdck520w-steam-devices-udev-rules-1.0.0.61-unstable-2024-05-22
Generating hwdb database...
building '/nix/store/22ax3pg5xj4ir990f3nxv66jq0zm6g4c-unit-systemd-tmpfiles-resetup.service.drv'...
warning: collision between `/nix/store/zl79iyb0d6xscv8sndvhd35x6j9pv34x-wireshark-cli-4.4.7/lib/wireshark/extcap/sshdump' and `/nix/store/1sgf8a7qwj4yy4fzvw7ld311nvdkbqnb-wireshark-qt-4.4.7/lib/wireshark/extcap/sshdump'
warning: collision between `/nix/store/zl79iyb0d6xscv8sndvhd35x6j9pv34x-wireshark-cli-4.4.7/lib/wireshark/extcap/dpauxmon' and `/nix/store/1sgf8a7qwj4yy4fzvw7ld311nvdkbqnb-wireshark-qt-4.4.7/lib/wireshark/extcap/dpauxmon'
warning: collision between `/nix/store/zl79iyb0d6xscv8sndvhd35x6j9pv34x-wireshark-cli-4.4.7/lib/wireshark/extcap/udpdump' and `/nix/store/1sgf8a7qwj4yy4fzvw7ld311nvdkbqnb-wireshark-qt-4.4.7/lib/wireshark/extcap/udpdump'
warning: collision between `/nix/store/zl79iyb0d6xscv8sndvhd35x6j9pv34x-wireshark-cli-4.4.7/lib/wireshark/extcap/wifidump' and `/nix/store/1sgf8a7qwj4yy4fzvw7ld311nvdkbqnb-wireshark-qt-4.4.7/lib/wireshark/extcap/wifidump'
warning: collision between `/nix/store/zl79iyb0d6xscv8sndvhd35x6j9pv34x-wireshark-cli-4.4.7/lib/wireshark/extcap/ciscodump' and `/nix/store/1sgf8a7qwj4yy4fzvw7ld311nvdkbqnb-wireshark-qt-4.4.7/lib/wireshark/extcap/ciscodump'
warning: collision between `/nix/store/zl79iyb0d6xscv8sndvhd35x6j9pv34x-wireshark-cli-4.4.7/lib/wireshark/plugins/4.4/codecs/g729.so' and `/nix/store/1sgf8a7qwj4yy4fzvw7ld311nvdkbqnb-wireshark-qt-4.4.7/lib/wireshark/plugins/4.4/codecs/g729.so'
warning: collision between `/nix/store/zl79iyb0d6xscv8sndvhd35x6j9pv34x-wireshark-cli-4.4.7/lib/wireshark/plugins/4.4/codecs/opus_dec.so' and `/nix/store/1sgf8a7qwj4yy4fzvw7ld311nvdkbqnb-wireshark-qt-4.4.7/lib/wireshark/plugins/4.4/codecs/opus_dec.so'
warning: collision between `/nix/store/zl79iyb0d6xscv8sndvhd35x6j9pv34x-wireshark-cli-4.4.7/lib/wireshark/plugins/4.4/codecs/g722.so' and `/nix/store/1sgf8a7qwj4yy4fzvw7ld311nvdkbqnb-wireshark-qt-4.4.7/lib/wireshark/plugins/4.4/codecs/g722.so'
warning: collision between `/nix/store/zl79iyb0d6xscv8sndvhd35x6j9pv34x-wireshark-cli-4.4.7/lib/wireshark/plugins/4.4/codecs/g711.so' and `/nix/store/1sgf8a7qwj4yy4fzvw7ld311nvdkbqnb-wireshark-qt-4.4.7/lib/wireshark/plugins/4.4/codecs/g711.so'
warning: collision between `/nix/store/zl79iyb0d6xscv8sndvhd35x6j9pv34x-wireshark-cli-4.4.7/lib/wireshark/plugins/4.4/codecs/g726.so' and `/nix/store/1sgf8a7qwj4yy4fzvw7ld311nvdkbqnb-wireshark-qt-4.4.7/lib/wireshark/plugins/4.4/codecs/g726.so'
warning: collision between `/nix/store/zl79iyb0d6xscv8sndvhd35x6j9pv34x-wireshark-cli-4.4.7/lib/wireshark/plugins/4.4/codecs/l16mono.so' and `/nix/store/1sgf8a7qwj4yy4fzvw7ld311nvdkbqnb-wireshark-qt-4.4.7/lib/wireshark/plugins/4.4/codecs/l16mono.so'
warning: collision between `/nix/store/zl79iyb0d6xscv8sndvhd35x6j9pv34x-wireshark-cli-4.4.7/lib/wireshark/plugins/4.4/codecs/sbc.so' and `/nix/store/1sgf8a7qwj4yy4fzvw7ld311nvdkbqnb-wireshark-qt-4.4.7/lib/wireshark/plugins/4.4/codecs/sbc.so'
warning: collision between `/nix/store/zl79iyb0d6xscv8sndvhd35x6j9pv34x-wireshark-cli-4.4.7/lib/wireshark/plugins/4.4/codecs/amrnb.so' and `/nix/store/1sgf8a7qwj4yy4fzvw7ld311nvdkbqnb-wireshark-qt-4.4.7/lib/wireshark/plugins/4.4/codecs/amrnb.so'
warning: collision between `/nix/store/zl79iyb0d6xscv8sndvhd35x6j9pv34x-wireshark-cli-4.4.7/lib/wireshark/plugins/4.4/wiretap/usbdump.so' and `/nix/store/1sgf8a7qwj4yy4fzvw7ld311nvdkbqnb-wireshark-qt-4.4.7/lib/wireshark/plugins/4.4/wiretap/usbdump.so'
warning: collision between `/nix/store/zl79iyb0d6xscv8sndvhd35x6j9pv34x-wireshark-cli-4.4.7/lib/wireshark/plugins/4.4/epan/opcua.so' and `/nix/store/1sgf8a7qwj4yy4fzvw7ld311nvdkbqnb-wireshark-qt-4.4.7/lib/wireshark/plugins/4.4/epan/opcua.so'
warning: collision between `/nix/store/zl79iyb0d6xscv8sndvhd35x6j9pv34x-wireshark-cli-4.4.7/lib/wireshark/plugins/4.4/epan/transum.so' and `/nix/store/1sgf8a7qwj4yy4fzvw7ld311nvdkbqnb-wireshark-qt-4.4.7/lib/wireshark/plugins/4.4/epan/transum.so'
warning: collision between `/nix/store/zl79iyb0d6xscv8sndvhd35x6j9pv34x-wireshark-cli-4.4.7/lib/wireshark/plugins/4.4/epan/irda.so' and `/nix/store/1sgf8a7qwj4yy4fzvw7ld311nvdkbqnb-wireshark-qt-4.4.7/lib/wireshark/plugins/4.4/epan/irda.so'
warning: collision between `/nix/store/zl79iyb0d6xscv8sndvhd35x6j9pv34x-wireshark-cli-4.4.7/share/man/man1/dumpcap.1.gz' and `/nix/store/1sgf8a7qwj4yy4fzvw7ld311nvdkbqnb-wireshark-qt-4.4.7/share/man/man1/dumpcap.1.gz'
warning: collision between `/nix/store/zl79iyb0d6xscv8sndvhd35x6j9pv34x-wireshark-cli-4.4.7/share/man/man1/androiddump.1.gz' and `/nix/store/1sgf8a7qwj4yy4fzvw7ld311nvdkbqnb-wireshark-qt-4.4.7/share/man/man1/androiddump.1.gz'
warning: collision between `/nix/store/zl79iyb0d6xscv8sndvhd35x6j9pv34x-wireshark-cli-4.4.7/share/man/man1/rawshark.1.gz' and `/nix/store/1sgf8a7qwj4yy4fzvw7ld311nvdkbqnb-wireshark-qt-4.4.7/share/man/man1/rawshark.1.gz'
warning: collision between `/nix/store/zl79iyb0d6xscv8sndvhd35x6j9pv34x-wireshark-cli-4.4.7/share/man/man4/extcap.4.gz' and `/nix/store/1sgf8a7qwj4yy4fzvw7ld311nvdkbqnb-wireshark-qt-4.4.7/share/man/man4/extcap.4.gz'
warning: collision between `/nix/store/zl79iyb0d6xscv8sndvhd35x6j9pv34x-wireshark-cli-4.4.7/share/man/man4/wireshark-filter.4.gz' and `/nix/store/1sgf8a7qwj4yy4fzvw7ld311nvdkbqnb-wireshark-qt-4.4.7/share/man/man4/wireshark-filter.4.gz'
created 5673 symlinks in user environment
Adding rules for package /nix/store/hn9yc5f07ng4291bkppnkpczcqj0v2ms-power-profiles-daemon-0.30
Adding rules for package /nix/store/8rzgl65iw60gv3f7pcp46xr2c1dsxhwg-yubikey-personalization-1.20.0
Copying /nix/store/8rzgl65iw60gv3f7pcp46xr2c1dsxhwg-yubikey-personalization-1.20.0/lib/udev/rules.d/69-yubikey.rules to /nix/store/zdpf87608s89h8ipfk5g3rjxvyfrynzc-udev-rules/69-yubikey.rules
Adding rules for package /nix/store/brp5zyjnrn72cg0wsfwakg7x6am5rkvw-ipv6-privacy-extensions.rules
Copying /nix/store/brp5zyjnrn72cg0wsfwakg7x6am5rkvw-ipv6-privacy-extensions.rules/etc/udev/rules.d/98-ipv6-privacy-extensions.rules to /nix/store/zdpf87608s89h8ipfk5g3rjxvyfrynzc-udev-rules/98-ipv6-privacy-extensions.rules
Adding rules for package /nix/store/d1w444s9m9xh80sj0pchmiqk6shw6xz9-ipv6-privacy-extensions.rules
Copying /nix/store/d1w444s9m9xh80sj0pchmiqk6shw6xz9-ipv6-privacy-extensions.rules/etc/udev/rules.d/99-ipv6-privacy-extensions.rules to /nix/store/zdpf87608s89h8ipfk5g3rjxvyfrynzc-udev-rules/99-ipv6-privacy-extensions.rules
Adding rules for package /nix/store/3dlprl1683djqxx60a7yxrd482plachj-lvm2-2.03.32
Copying /nix/store/3dlprl1683djqxx60a7yxrd482plachj-lvm2-2.03.32/lib/udev/rules.d/10-dm.rules to /nix/store/zdpf87608s89h8ipfk5g3rjxvyfrynzc-udev-rules/10-dm.rules
Copying /nix/store/3dlprl1683djqxx60a7yxrd482plachj-lvm2-2.03.32/lib/udev/rules.d/11-dm-lvm.rules to /nix/store/zdpf87608s89h8ipfk5g3rjxvyfrynzc-udev-rules/11-dm-lvm.rules
Copying /nix/store/3dlprl1683djqxx60a7yxrd482plachj-lvm2-2.03.32/lib/udev/rules.d/13-dm-disk.rules to /nix/store/zdpf87608s89h8ipfk5g3rjxvyfrynzc-udev-rules/13-dm-disk.rules
Copying /nix/store/3dlprl1683djqxx60a7yxrd482plachj-lvm2-2.03.32/lib/udev/rules.d/69-dm-lvm.rules to /nix/store/zdpf87608s89h8ipfk5g3rjxvyfrynzc-udev-rules/69-dm-lvm.rules
Copying /nix/store/3dlprl1683djqxx60a7yxrd482plachj-lvm2-2.03.32/lib/udev/rules.d/95-dm-notify.rules to /nix/store/zdpf87608s89h8ipfk5g3rjxvyfrynzc-udev-rules/95-dm-notify.rules
Adding rules for package /nix/store/xrayk8abk7g1qsl4gwi6l1a59hi09c1v-bcache-tools-1.0.8
Copying /nix/store/xrayk8abk7g1qsl4gwi6l1a59hi09c1v-bcache-tools-1.0.8/lib/udev/rules.d/69-bcache.rules to /nix/store/zdpf87608s89h8ipfk5g3rjxvyfrynzc-udev-rules/69-bcache.rules
Adding rules for package /nix/store/72myq809484x494202qrsmiqr8386v6f-udisks-2.10.1
Copying /nix/store/72myq809484x494202qrsmiqr8386v6f-udisks-2.10.1/lib/udev/rules.d/80-udisks2.rules to /nix/store/zdpf87608s89h8ipfk5g3rjxvyfrynzc-udev-rules/80-udisks2.rules
Adding rules for package /nix/store/l64whjlqd7l39m66a1hb2nxa2pdx8nav-extra-udev-rules
Copying /nix/store/l64whjlqd7l39m66a1hb2nxa2pdx8nav-extra-udev-rules/etc/udev/rules.d/99-local.rules to /nix/store/zdpf87608s89h8ipfk5g3rjxvyfrynzc-udev-rules/99-local.rules
Adding rules for package /nix/store/z1n03l7w163614njb8qmnrmhgfgrz3ns-extra-hwdb-file
Adding rules for package /nix/store/2bjkcmlicgbp47320md48ndw4k75v6qa-bluez-5.80
Copying /nix/store/2bjkcmlicgbp47320md48ndw4k75v6qa-bluez-5.80/lib/udev/rules.d/97-hid2hci.rules to /nix/store/zdpf87608s89h8ipfk5g3rjxvyfrynzc-udev-rules/97-hid2hci.rules
Adding rules for package /nix/store/1sr7pgyyvbargrj0zmq7dihdpghwgkzx-pipewire-1.4.5
Copying /nix/store/1sr7pgyyvbargrj0zmq7dihdpghwgkzx-pipewire-1.4.5/lib/udev/rules.d/90-pipewire-alsa.rules to /nix/store/zdpf87608s89h8ipfk5g3rjxvyfrynzc-udev-rules/90-pipewire-alsa.rules
Adding rules for package /nix/store/ykb2gk6798jcvy6d5zmg3s1bkzhvfzsb-85-wireshark-usbmon.rules
Copying /nix/store/ykb2gk6798jcvy6d5zmg3s1bkzhvfzsb-85-wireshark-usbmon.rules/etc/udev/rules.d/85-wireshark-usbmon.rules to /nix/store/zdpf87608s89h8ipfk5g3rjxvyfrynzc-udev-rules/85-wireshark-usbmon.rules
Adding rules for package /nix/store/i8g4fz4dnm6iq3nnmjc01lp6csgf2wq1-light-1.2.2
Copying /nix/store/i8g4fz4dnm6iq3nnmjc01lp6csgf2wq1-light-1.2.2/lib/udev/rules.d/90-backlight.rules to /nix/store/zdpf87608s89h8ipfk5g3rjxvyfrynzc-udev-rules/90-backlight.rules
Adding rules for package /nix/store/7myjgmqzw7kh70yhazb8hsqqkdck520w-steam-devices-udev-rules-1.0.0.61-unstable-2024-05-22
warning: collision between `/nix/store/zl79iyb0d6xscv8sndvhd35x6j9pv34x-wireshark-cli-4.4.7/lib/wireshark/plugins/4.4/epan/wimaxmacphy.so' and `/nix/store/1sgf8a7qwj4yy4fzvw7ld311nvdkbqnb-wireshark-qt-4.4.7/lib/wireshark/plugins/4.4/epan/wimaxmacphy.so'
warning: collision between `/nix/store/zl79iyb0d6xscv8sndvhd35x6j9pv34x-wireshark-cli-4.4.7/lib/wireshark/plugins/4.4/epan/profinet.so' and `/nix/store/1sgf8a7qwj4yy4fzvw7ld311nvdkbqnb-wireshark-qt-4.4.7/lib/wireshark/plugins/4.4/epan/profinet.so'
warning: collision between `/nix/store/zl79iyb0d6xscv8sndvhd35x6j9pv34x-wireshark-cli-4.4.7/lib/wireshark/plugins/4.4/epan/gryphon.so' and `/nix/store/1sgf8a7qwj4yy4fzvw7ld311nvdkbqnb-wireshark-qt-4.4.7/lib/wireshark/plugins/4.4/epan/gryphon.so'
warning: collision between `/nix/store/zl79iyb0d6xscv8sndvhd35x6j9pv34x-wireshark-cli-4.4.7/lib/wireshark/plugins/4.4/epan/unistim.so' and `/nix/store/1sgf8a7qwj4yy4fzvw7ld311nvdkbqnb-wireshark-qt-4.4.7/lib/wireshark/plugins/4.4/epan/unistim.so'
warning: collision between `/nix/store/zl79iyb0d6xscv8sndvhd35x6j9pv34x-wireshark-cli-4.4.7/lib/wireshark/plugins/4.4/epan/stats_tree.so' and `/nix/store/1sgf8a7qwj4yy4fzvw7ld311nvdkbqnb-wireshark-qt-4.4.7/lib/wireshark/plugins/4.4/epan/stats_tree.so'
warning: collision between `/nix/store/zl79iyb0d6xscv8sndvhd35x6j9pv34x-wireshark-cli-4.4.7/lib/wireshark/plugins/4.4/epan/mate.so' and `/nix/store/1sgf8a7qwj4yy4fzvw7ld311nvdkbqnb-wireshark-qt-4.4.7/lib/wireshark/plugins/4.4/epan/mate.so'
warning: collision between `/nix/store/zl79iyb0d6xscv8sndvhd35x6j9pv34x-wireshark-cli-4.4.7/lib/wireshark/plugins/4.4/epan/wimax.so' and `/nix/store/1sgf8a7qwj4yy4fzvw7ld311nvdkbqnb-wireshark-qt-4.4.7/lib/wireshark/plugins/4.4/epan/wimax.so'
warning: collision between `/nix/store/zl79iyb0d6xscv8sndvhd35x6j9pv34x-wireshark-cli-4.4.7/lib/wireshark/plugins/4.4/epan/wimaxasncp.so' and `/nix/store/1sgf8a7qwj4yy4fzvw7ld311nvdkbqnb-wireshark-qt-4.4.7/lib/wireshark/plugins/4.4/epan/wimaxasncp.so'
warning: collision between `/nix/store/zl79iyb0d6xscv8sndvhd35x6j9pv34x-wireshark-cli-4.4.7/lib/wireshark/plugins/4.4/epan/ipaddr.so' and `/nix/store/1sgf8a7qwj4yy4fzvw7ld311nvdkbqnb-wireshark-qt-4.4.7/lib/wireshark/plugins/4.4/epan/ipaddr.so'
warning: collision between `/nix/store/zl79iyb0d6xscv8sndvhd35x6j9pv34x-wireshark-cli-4.4.7/lib/wireshark/plugins/4.4/epan/ethercat.so' and `/nix/store/1sgf8a7qwj4yy4fzvw7ld311nvdkbqnb-wireshark-qt-4.4.7/lib/wireshark/plugins/4.4/epan/ethercat.so'
warning: collision between `/nix/store/zl79iyb0d6xscv8sndvhd35x6j9pv34x-wireshark-cli-4.4.7/lib/libwireshark.so.18' and `/nix/store/1sgf8a7qwj4yy4fzvw7ld311nvdkbqnb-wireshark-qt-4.4.7/lib/libwireshark.so.18'
warning: collision between `/nix/store/zl79iyb0d6xscv8sndvhd35x6j9pv34x-wireshark-cli-4.4.7/lib/libwiretap.so.15.0.7' and `/nix/store/1sgf8a7qwj4yy4fzvw7ld311nvdkbqnb-wireshark-qt-4.4.7/lib/libwiretap.so.15.0.7'
warning: collision between `/nix/store/zl79iyb0d6xscv8sndvhd35x6j9pv34x-wireshark-cli-4.4.7/lib/libwsutil.so.16.0.0' and `/nix/store/1sgf8a7qwj4yy4fzvw7ld311nvdkbqnb-wireshark-qt-4.4.7/lib/libwsutil.so.16.0.0'
warning: collision between `/nix/store/zl79iyb0d6xscv8sndvhd35x6j9pv34x-wireshark-cli-4.4.7/lib/libwiretap.so' and `/nix/store/1sgf8a7qwj4yy4fzvw7ld311nvdkbqnb-wireshark-qt-4.4.7/lib/libwiretap.so'
warning: collision between `/nix/store/zl79iyb0d6xscv8sndvhd35x6j9pv34x-wireshark-cli-4.4.7/lib/libwireshark.so' and `/nix/store/1sgf8a7qwj4yy4fzvw7ld311nvdkbqnb-wireshark-qt-4.4.7/lib/libwireshark.so'
warning: collision between `/nix/store/zl79iyb0d6xscv8sndvhd35x6j9pv34x-wireshark-cli-4.4.7/lib/libwireshark.so.18.0.7' and `/nix/store/1sgf8a7qwj4yy4fzvw7ld311nvdkbqnb-wireshark-qt-4.4.7/lib/libwireshark.so.18.0.7'
warning: collision between `/nix/store/zl79iyb0d6xscv8sndvhd35x6j9pv34x-wireshark-cli-4.4.7/lib/libwiretap.so.15' and `/nix/store/1sgf8a7qwj4yy4fzvw7ld311nvdkbqnb-wireshark-qt-4.4.7/lib/libwiretap.so.15'
warning: collision between `/nix/store/zl79iyb0d6xscv8sndvhd35x6j9pv34x-wireshark-cli-4.4.7/lib/libwsutil.so' and `/nix/store/1sgf8a7qwj4yy4fzvw7ld311nvdkbqnb-wireshark-qt-4.4.7/lib/libwsutil.so'

Copying /nix/store/7myjgmqzw7kh70yhazb8hsqqkdck520w-steam-devices-udev-rules-1.0.0.61-unstable-2024-05-22/lib/udev/rules.d/60-steam-input.rules to /nix/store/zdpf87608s89h8ipfk5g3rjxvyfrynzc-udev-rules/60-steam-input.rules
Copying /nix/store/7myjgmqzw7kh70yhazb8hsqqkdck520w-steam-devices-udev-rules-1.0.0.61-unstable-2024-05-22/lib/udev/rules.d/60-steam-vr.rules to /nix/store/zdpf87608s89h8ipfk5g3rjxvyfrynzc-udev-rules/60-steam-vr.rules
Checking that all programs called by relative paths in udev rules exist in /nix/store/73l80gfxnnchah2dzd97w42dc71dv4vx-systemd-257.6/lib/udev... OK
Checking that all programs called by absolute paths in udev rules exist... OK
Verifying udev rules using udevadm verify...

18 udev rules files have been checked.
  Success: 18
  Fail:    0
OK
building '/nix/store/h26v12irydkvjnkv5kqcrgjj601abyv5-man-cache.drv'...
created 9919 symlinks in user environment
building '/nix/store/wkzi1n8mw8zcrchp3vq92i94g1w7ahbh-X-Restart-Triggers-systemd-udevd.drv'...
building '/nix/store/8kmjx615b7gb91q7r64gbh3qhbw6sqxy-X-Restart-Triggers-polkit.drv'...
building '/nix/store/nfqxsqdjrm0yncdkqd4m1hlc6sxli4vq-dbus-1.drv'...
building '/nix/store/0i27fnq3r3ipi4mkz639mm0ar8b1r5g2-unit-polkit.service.drv'...
building '/nix/store/a9dbrf7x8rh7a0zrxmz3csj095h5rc7v-unit-systemd-udevd.service.drv'...
building '/nix/store/6hkml58wbf7j9v0807pir6ygxn4sijkj-X-Restart-Triggers-dbus.drv'...
building '/nix/store/0ia8xvikyvrf1f057sfql0dg4rz91ci3-unit-dbus.service.drv'...
building '/nix/store/dc6j7ki0b9f721i2sr50fzybzvdc4l1n-unit-dbus.service.drv'...
building '/nix/store/gah9hyg9p1z9l1r6ampa3mgnzd7ph5xv-system-units.drv'...
building '/nix/store/3v68n9bhwv5m0dh7bqnqs09l9fk5sdwa-user-units.drv'...
building '/nix/store/pxdmmaxg5z9iwy750mwgvfqrcfvpmwra-etc-man_db.conf.drv'...
building '/nix/store/20vd2077ca4f55mwjaqiijpcgcfvsfnq-etc.drv'...
building '/nix/store/s8mpxm9nn9z5y21lw3pzn753xvq8m5b8-nixos-system-teal-25.11pre824861.5c724ed1388e.drv'...
Installing Lanzaboote to "/boot"...
Collecting garbage...
Successfully installed Lanzaboote.
stopping the following units: systemd-tmpfiles-resetup.service
activating the configuration...
setting up /etc...
reloading user units for blltrx...
restarting sysinit-reactivation.target
reloading the following units: dbus.service
restarting the following units: polkit.service, systemd-udevd.service
starting the following units: systemd-tmpfiles-resetup.service
Done. The new configuration is /nix/store/qghlw3f60g9mjfcx35axbbb64v47abv1-nixos-system-teal-25.11pre824861.5c724ed1388e
